   Qt/MSBuild: 3.4.1.0
   Qt: 6.8.3
  QtIntelligentMap.cpp
G:\桌面\Cc\数据结构课程设计\QtIntelligentMap\CreateGraph.h(1,1): warning C4828: 文件包含在偏移 0x33 处开始的字符，该字符在当前源字符集中无效(代码页 65001)。
  (编译源文件“QtIntelligentMap.cpp”)
  
G:\桌面\Cc\数据结构课程设计\QtIntelligentMap\CreateGraph.h(1,1): warning C4828: 文件包含在偏移 0x34 处开始的字符，该字符在当前源字符集中无效(代码页 65001)。
  (编译源文件“QtIntelligentMap.cpp”)
  
G:\桌面\Cc\数据结构课程设计\QtIntelligentMap\CreateGraph.h(1,1): warning C4828: 文件包含在偏移 0x35 处开始的字符，该字符在当前源字符集中无效(代码页 65001)。
  (编译源文件“QtIntelligentMap.cpp”)
  
G:\桌面\Cc\数据结构课程设计\QtIntelligentMap\CreateGraph.h(1,1): warning C4828: 文件包含在偏移 0x36 处开始的字符，该字符在当前源字符集中无效(代码页 65001)。
  (编译源文件“QtIntelligentMap.cpp”)
  
G:\桌面\Cc\数据结构课程设计\QtIntelligentMap\CreateGraph.h(1,1): warning C4828: 文件包含在偏移 0x37 处开始的字符，该字符在当前源字符集中无效(代码页 65001)。
  (编译源文件“QtIntelligentMap.cpp”)
  
G:\桌面\Cc\数据结构课程设计\QtIntelligentMap\CreateGraph.h(1,1): warning C4828: 文件包含在偏移 0x39 处开始的字符，该字符在当前源字符集中无效(代码页 65001)。
  (编译源文件“QtIntelligentMap.cpp”)
  
G:\桌面\Cc\数据结构课程设计\QtIntelligentMap\CreateGraph.h(1,1): warning C4828: 文件包含在偏移 0x3a 处开始的字符，该字符在当前源字符集中无效(代码页 65001)。
  (编译源文件“QtIntelligentMap.cpp”)
  
G:\桌面\Cc\数据结构课程设计\QtIntelligentMap\CreateGraph.h(1,1): warning C4828: 文件包含在偏移 0x3d 处开始的字符，该字符在当前源字符集中无效(代码页 65001)。
  (编译源文件“QtIntelligentMap.cpp”)
  
G:\桌面\Cc\数据结构课程设计\QtIntelligentMap\CreateGraph.h(1,1): warning C4828: 文件包含在偏移 0x3f 处开始的字符，该字符在当前源字符集中无效(代码页 65001)。
  (编译源文件“QtIntelligentMap.cpp”)
  
G:\桌面\Cc\数据结构课程设计\QtIntelligentMap\CreateGraph.h(1,1): warning C4828: 文件包含在偏移 0x40 处开始的字符，该字符在当前源字符集中无效(代码页 65001)。
  (编译源文件“QtIntelligentMap.cpp”)
  
G:\桌面\Cc\数据结构课程设计\QtIntelligentMap\CreateGraph.h(1,1): warning C4828: 文件包含在偏移 0x41 处开始的字符，该字符在当前源字符集中无效(代码页 65001)。
  (编译源文件“QtIntelligentMap.cpp”)
  
G:\桌面\Cc\数据结构课程设计\QtIntelligentMap\CreateGraph.h(1,1): warning C4828: 文件包含在偏移 0x42 处开始的字符，该字符在当前源字符集中无效(代码页 65001)。
  (编译源文件“QtIntelligentMap.cpp”)
  
G:\桌面\Cc\数据结构课程设计\QtIntelligentMap\CreateGraph.h(1,1): warning C4828: 文件包含在偏移 0x45 处开始的字符，该字符在当前源字符集中无效(代码页 65001)。
  (编译源文件“QtIntelligentMap.cpp”)
  
G:\桌面\Cc\数据结构课程设计\QtIntelligentMap\CreateGraph.h(1,1): warning C4828: 文件包含在偏移 0x46 处开始的字符，该字符在当前源字符集中无效(代码页 65001)。
  (编译源文件“QtIntelligentMap.cpp”)
  
G:\桌面\Cc\数据结构课程设计\QtIntelligentMap\CreateGraph.h(1,1): warning C4828: 文件包含在偏移 0x4d 处开始的字符，该字符在当前源字符集中无效(代码页 65001)。
  (编译源文件“QtIntelligentMap.cpp”)
  
G:\桌面\Cc\数据结构课程设计\QtIntelligentMap\CreateGraph.h(1,1): warning C4828: 文件包含在偏移 0x4e 处开始的字符，该字符在当前源字符集中无效(代码页 65001)。
  (编译源文件“QtIntelligentMap.cpp”)
  
G:\桌面\Cc\数据结构课程设计\QtIntelligentMap\CreateGraph.h(1,1): warning C4828: 文件包含在偏移 0x54 处开始的字符，该字符在当前源字符集中无效(代码页 65001)。
  (编译源文件“QtIntelligentMap.cpp”)
  
G:\桌面\Cc\数据结构课程设计\QtIntelligentMap\CreateGraph.h(1,1): warning C4828: 文件包含在偏移 0x55 处开始的字符，该字符在当前源字符集中无效(代码页 65001)。
  (编译源文件“QtIntelligentMap.cpp”)
  
G:\桌面\Cc\数据结构课程设计\QtIntelligentMap\CreateGraph.h(1,1): warning C4828: 文件包含在偏移 0x58 处开始的字符，该字符在当前源字符集中无效(代码页 65001)。
  (编译源文件“QtIntelligentMap.cpp”)
  
G:\桌面\Cc\数据结构课程设计\QtIntelligentMap\CreateGraph.h(1,1): warning C4828: 文件包含在偏移 0x59 处开始的字符，该字符在当前源字符集中无效(代码页 65001)。
  (编译源文件“QtIntelligentMap.cpp”)
  
G:\桌面\Cc\数据结构课程设计\QtIntelligentMap\CreateGraph.h(1,1): warning C4828: 文件包含在偏移 0x5b 处开始的字符，该字符在当前源字符集中无效(代码页 65001)。
  (编译源文件“QtIntelligentMap.cpp”)
  
G:\桌面\Cc\数据结构课程设计\QtIntelligentMap\CreateGraph.h(1,1): warning C4828: 文件包含在偏移 0x5c 处开始的字符，该字符在当前源字符集中无效(代码页 65001)。
  (编译源文件“QtIntelligentMap.cpp”)
  
G:\桌面\Cc\数据结构课程设计\QtIntelligentMap\CreateGraph.h(1,1): warning C4828: 文件包含在偏移 0x5d 处开始的字符，该字符在当前源字符集中无效(代码页 65001)。
  (编译源文件“QtIntelligentMap.cpp”)
  
G:\桌面\Cc\数据结构课程设计\QtIntelligentMap\CreateGraph.h(1,1): warning C4828: 文件包含在偏移 0x99 处开始的字符，该字符在当前源字符集中无效(代码页 65001)。
  (编译源文件“QtIntelligentMap.cpp”)
  
G:\桌面\Cc\数据结构课程设计\QtIntelligentMap\CreateGraph.h(1,1): warning C4828: 文件包含在偏移 0x9b 处开始的字符，该字符在当前源字符集中无效(代码页 65001)。
  (编译源文件“QtIntelligentMap.cpp”)
  
G:\桌面\Cc\数据结构课程设计\QtIntelligentMap\CreateGraph.h(1,1): warning C4828: 文件包含在偏移 0xa9 处开始的字符，该字符在当前源字符集中无效(代码页 65001)。
  (编译源文件“QtIntelligentMap.cpp”)
  
G:\桌面\Cc\数据结构课程设计\QtIntelligentMap\CreateGraph.h(1,1): warning C4828: 文件包含在偏移 0xaa 处开始的字符，该字符在当前源字符集中无效(代码页 65001)。
  (编译源文件“QtIntelligentMap.cpp”)
  
G:\桌面\Cc\数据结构课程设计\QtIntelligentMap\CreateGraph.h(1,1): warning C4828: 文件包含在偏移 0xab 处开始的字符，该字符在当前源字符集中无效(代码页 65001)。
  (编译源文件“QtIntelligentMap.cpp”)
  
G:\桌面\Cc\数据结构课程设计\QtIntelligentMap\CreateGraph.h(1,1): warning C4828: 文件包含在偏移 0xd4 处开始的字符，该字符在当前源字符集中无效(代码页 65001)。
  (编译源文件“QtIntelligentMap.cpp”)
  
G:\桌面\Cc\数据结构课程设计\QtIntelligentMap\CreateGraph.h(1,1): warning C4828: 文件包含在偏移 0xd6 处开始的字符，该字符在当前源字符集中无效(代码页 65001)。
  (编译源文件“QtIntelligentMap.cpp”)
  
G:\桌面\Cc\数据结构课程设计\QtIntelligentMap\CreateGraph.h(1,1): warning C4828: 文件包含在偏移 0xe3 处开始的字符，该字符在当前源字符集中无效(代码页 65001)。
  (编译源文件“QtIntelligentMap.cpp”)
  
G:\桌面\Cc\数据结构课程设计\QtIntelligentMap\CreateGraph.h(1,1): warning C4828: 文件包含在偏移 0xe4 处开始的字符，该字符在当前源字符集中无效(代码页 65001)。
  (编译源文件“QtIntelligentMap.cpp”)
  
G:\桌面\Cc\数据结构课程设计\QtIntelligentMap\CreateGraph.h(1,1): warning C4828: 文件包含在偏移 0xe5 处开始的字符，该字符在当前源字符集中无效(代码页 65001)。
  (编译源文件“QtIntelligentMap.cpp”)
  
  QtIntelligentMap.vcxproj -> G:\桌面\Cc\数据结构课程设计\QtIntelligentMap\x64\Debug\QtIntelligentMap.exe
