g:\桌面\cc\数据结构课程设计\qtintelligentmap\qtintelligentmap\x64\debug\vc143.pdb
g:\桌面\cc\数据结构课程设计\qtintelligentmap\qtintelligentmap\x64\debug\vc143.idb
g:\桌面\cc\数据结构课程设计\qtintelligentmap\qtintelligentmap\x64\debug\qrc_qtintelligentmap.obj
g:\桌面\cc\数据结构课程设计\qtintelligentmap\qtintelligentmap\x64\debug\qtintelligentmap.obj
g:\桌面\cc\数据结构课程设计\qtintelligentmap\qtintelligentmap\x64\debug\main.obj
g:\桌面\cc\数据结构课程设计\qtintelligentmap\qtintelligentmap\x64\debug\creategraph.obj
g:\桌面\cc\数据结构课程设计\qtintelligentmap\qtintelligentmap\x64\debug\bfstraverse.obj
g:\桌面\cc\数据结构课程设计\qtintelligentmap\qtintelligentmap\x64\debug\dfstraverse.obj
g:\桌面\cc\数据结构课程设计\qtintelligentmap\qtintelligentmap\x64\debug\findshortestpath.obj
g:\桌面\cc\数据结构课程设计\qtintelligentmap\qtintelligentmap\x64\debug\moc_qtintelligentmap.obj
g:\桌面\cc\数据结构课程设计\qtintelligentmap\x64\debug\qtintelligentmap.exe
g:\桌面\cc\数据结构课程设计\qtintelligentmap\x64\debug\qtintelligentmap.pdb
g:\桌面\cc\数据结构课程设计\qtintelligentmap\qtintelligentmap\x64\debug\qt\moc\moc_qtintelligentmap.cpp
g:\桌面\cc\数据结构课程设计\qtintelligentmap\qtintelligentmap\x64\debug\qt\uic\ui_qtintelligentmap.h
g:\桌面\cc\数据结构课程设计\qtintelligentmap\qtintelligentmap\x64\debug\qt\rcc\qrc_qtintelligentmap.cpp
g:\桌面\cc\数据结构课程设计\qtintelligentmap\qtintelligentmap\x64\debug\qtintelligentmap.ilk
g:\桌面\cc\数据结构课程设计\qtintelligentmap\qtintelligentmap\x64\debug\searchspot.obj
g:\桌面\cc\数据结构课程设计\qtintelligentmap\qtintelligentmap\x64\debug\showonespot.obj
g:\桌面\cc\数据结构课程设计\qtintelligentmap\qtintelligentmap\x64\debug\squeue.obj
g:\桌面\cc\数据结构课程设计\qtintelligentmap\qtintelligentmap\x64\debug\qtintelligentmap.tlog\cl.command.1.tlog
g:\桌面\cc\数据结构课程设计\qtintelligentmap\qtintelligentmap\x64\debug\qtintelligentmap.tlog\cl.items.tlog
g:\桌面\cc\数据结构课程设计\qtintelligentmap\qtintelligentmap\x64\debug\qtintelligentmap.tlog\cl.read.1.tlog
g:\桌面\cc\数据结构课程设计\qtintelligentmap\qtintelligentmap\x64\debug\qtintelligentmap.tlog\cl.write.1.tlog
g:\桌面\cc\数据结构课程设计\qtintelligentmap\qtintelligentmap\x64\debug\qtintelligentmap.tlog\link.command.1.tlog
g:\桌面\cc\数据结构课程设计\qtintelligentmap\qtintelligentmap\x64\debug\qtintelligentmap.tlog\link.read.1.tlog
g:\桌面\cc\数据结构课程设计\qtintelligentmap\qtintelligentmap\x64\debug\qtintelligentmap.tlog\link.secondary.1.tlog
g:\桌面\cc\数据结构课程设计\qtintelligentmap\qtintelligentmap\x64\debug\qtintelligentmap.tlog\link.write.1.tlog
g:\桌面\cc\数据结构课程设计\qtintelligentmap\qtintelligentmap\x64\debug\qtintelligentmap.tlog\moc.read.1u.tlog
g:\桌面\cc\数据结构课程设计\qtintelligentmap\qtintelligentmap\x64\debug\qtintelligentmap.tlog\moc.write.1u.tlog
g:\桌面\cc\数据结构课程设计\qtintelligentmap\qtintelligentmap\x64\debug\qtintelligentmap.tlog\qtintelligentmap.write.1u.tlog
g:\桌面\cc\数据结构课程设计\qtintelligentmap\qtintelligentmap\x64\debug\qtintelligentmap.tlog\rcc.read.1u.tlog
g:\桌面\cc\数据结构课程设计\qtintelligentmap\qtintelligentmap\x64\debug\qtintelligentmap.tlog\rcc.write.1u.tlog
g:\桌面\cc\数据结构课程设计\qtintelligentmap\qtintelligentmap\x64\debug\qtintelligentmap.tlog\uic.read.1u.tlog
g:\桌面\cc\数据结构课程设计\qtintelligentmap\qtintelligentmap\x64\debug\qtintelligentmap.tlog\uic.write.1u.tlog
